<?xml version="1.0" encoding="UTF-8"?>
<!-- Generated by org.testng.reporters.JUnitXMLReporter -->
<testsuite ignored="0" hostname="Intelligents-MacBook-Pro-2.local" failures="0" tests="2" name="Error Validations Test" time="18.278" errors="0" timestamp="2025-02-25T19:04:51 IST">
  <testcase classname="vipinlearns.tests.ErrorValidationsTest" name="loginErrorValidation" time="1.14"/>
  <testcase classname="vipinlearns.tests.ErrorValidationsTest" name="productErrorValidation" time="2.183"/>
</testsuite> <!-- Error Validations Test -->
