<?xml version="1.0" encoding="UTF-8"?>
<!-- Generated by org.testng.reporters.JUnitXMLReporter -->
<testsuite ignored="0" hostname="Intelligents-MacBook-Pro-2.local" failures="0" tests="2" name="SubmitOrderTest" time="16.482" errors="0" timestamp="2025-01-21T10:52:05 IST">
  <testcase classname="vipinlearns.tests.SubmitOrderTest" name="submitOrder" time="3.331"/>
  <testcase classname="vipinlearns.tests.SubmitOrderTest" name="orderHistoryTest" time="0.727"/>
</testsuite> <!-- SubmitOrderTest -->
