<?xml version="1.0" encoding="UTF-8"?>
<!-- Generated by org.testng.reporters.JUnitXMLReporter -->
<testsuite ignored="0" hostname="Intelligents-MacBook-Pro-2.local" failures="0" tests="2" name="Submit Order Test" time="19.159" errors="0" timestamp="2025-02-25T19:04:51 IST">
  <testcase classname="vipinlearns.tests.SubmitOrderTest" name="submitOrder" time="3.872"/>
  <testcase classname="vipinlearns.tests.SubmitOrderTest" name="orderHistoryTest" time="0.78"/>
</testsuite> <!-- Submit Order Test -->
